{"name": "test_guid_generator", "status": "broken", "statusDetails": {"message": "selenium.common.exceptions.NoSuchElementException: Message: no such element: Unable to locate element: {\"method\":\"css selector\",\"selector\":\".bg-warning\"}\n  (Session info: chrome=126.0.6478.127); For documentation on this error, please visit: https://www.selenium.dev/documentation/webdriver/troubleshooting/errors#no-such-element-exception\nStacktrace:\n0   chromedriver                        0x0000000104f26a0c chromedriver + 4385292\n1   chromedriver                        0x0000000104f1f318 chromedriver + 4354840\n2   chromedriver                        0x0000000104b3cb0c chromedriver + 281356\n3   chromedriver                        0x0000000104b7f2f8 chromedriver + 553720\n4   chromedriver                        0x0000000104bb7d24 chromedriver + 785700\n5   chromedriver                        0x0000000104b73eec chromedriver + 507628\n6   chromedriver                        0x0000000104b748c4 chromedriver + 510148\n7   chromedriver                        0x0000000104eee3c8 chromedriver + 4154312\n8   chromedriver                        0x0000000104ef2e2c chromedriver + 4173356\n9   chromedriver                        0x0000000104ed3f84 chromedriver + 4046724\n10  chromedriver                        0x0000000104ef3718 chromedriver + 4175640\n11  chromedriver                        0x0000000104ec6f44 chromedriver + 3993412\n12  chromedriver                        0x0000000104f111a8 chromedriver + 4297128\n13  chromedriver                        0x0000000104f11324 chromedriver + 4297508\n14  chromedriver                        0x0000000104f1ef10 chromedriver + 4353808\n15  libsystem_pthread.dylib             0x000000018a196f94 _pthread_start + 136\n16  libsystem_pthread.dylib             0x000000018a191d34 thread_start + 8", "trace": "browser_manager = None\n\n    def test_guid_generator(browser_manager):\n        page = DynamicTablePage()\n        page.open_dynamictable_page()\n>       s = page.take_value_of_cpu_load()\n\ntests.py:35: \n_ _ _ _ _ _ _ _ _ _ _ _ _ _ _ _ _ _ _ _ _ _ _ _ _ _ _ _ _ _ _ _ _ _ _ _ _ _ _ _ \n../pages/dynamic_table.py:16: in take_value_of_cpu_load\n    value = driver.find_element(By.CLASS_NAME, 'bg-warning')\n../.venv/lib/python3.12/site-packages/selenium/webdriver/remote/webdriver.py:748: in find_element\n    return self.execute(Command.FIND_ELEMENT, {\"using\": by, \"value\": value})[\"value\"]\n../.venv/lib/python3.12/site-packages/selenium/webdriver/remote/webdriver.py:354: in execute\n    self.error_handler.check_response(response)\n_ _ _ _ _ _ _ _ _ _ _ _ _ _ _ _ _ _ _ _ _ _ _ _ _ _ _ _ _ _ _ _ _ _ _ _ _ _ _ _ \n\nself = <selenium.webdriver.remote.errorhandler.ErrorHandler object at 0x106560470>\nresponse = {'status': 404, 'value': '{\"value\":{\"error\":\"no such element\",\"message\":\"no such element: Unable to locate element: {\\...00018a196f94 _pthread_start + 136\\\\n16  libsystem_pthread.dylib             0x000000018a191d34 thread_start + 8\\\\n\"}}'}\n\n    def check_response(self, response: Dict[str, Any]) -> None:\n        \"\"\"Checks that a JSON response from the WebDriver does not have an\n        error.\n    \n        :Args:\n         - response - The JSON response from the WebDriver server as a dictionary\n           object.\n    \n        :Raises: If the response contains an error message.\n        \"\"\"\n        status = response.get(\"status\", None)\n        if not status or status == ErrorCode.SUCCESS:\n            return\n        value = None\n        message = response.get(\"message\", \"\")\n        screen: str = response.get(\"screen\", \"\")\n        stacktrace = None\n        if isinstance(status, int):\n            value_json = response.get(\"value\", None)\n            if value_json and isinstance(value_json, str):\n                import json\n    \n                try:\n                    value = json.loads(value_json)\n                    if len(value) == 1:\n                        value = value[\"value\"]\n                    status = value.get(\"error\", None)\n                    if not status:\n                        status = value.get(\"status\", ErrorCode.UNKNOWN_ERROR)\n                        message = value.get(\"value\") or value.get(\"message\")\n                        if not isinstance(message, str):\n                            value = message\n                            message = message.get(\"message\")\n                    else:\n                        message = value.get(\"message\", None)\n                except ValueError:\n                    pass\n    \n        exception_class: Type[WebDriverException]\n        e = ErrorCode()\n        error_codes = [item for item in dir(e) if not item.startswith(\"__\")]\n        for error_code in error_codes:\n            error_info = getattr(ErrorCode, error_code)\n            if isinstance(error_info, list) and status in error_info:\n                exception_class = getattr(ExceptionMapping, error_code, WebDriverException)\n                break\n        else:\n            exception_class = WebDriverException\n    \n        if not value:\n            value = response[\"value\"]\n        if isinstance(value, str):\n            raise exception_class(value)\n        if message == \"\" and \"message\" in value:\n            message = value[\"message\"]\n    \n        screen = None  # type: ignore[assignment]\n        if \"screen\" in value:\n            screen = value[\"screen\"]\n    \n        stacktrace = None\n        st_value = value.get(\"stackTrace\") or value.get(\"stacktrace\")\n        if st_value:\n            if isinstance(st_value, str):\n                stacktrace = st_value.split(\"\\n\")\n            else:\n                stacktrace = []\n                try:\n                    for frame in st_value:\n                        line = frame.get(\"lineNumber\", \"\")\n                        file = frame.get(\"fileName\", \"<anonymous>\")\n                        if line:\n                            file = f\"{file}:{line}\"\n                        meth = frame.get(\"methodName\", \"<anonymous>\")\n                        if \"className\" in frame:\n                            meth = f\"{frame['className']}.{meth}\"\n                        msg = \"    at %s (%s)\"\n                        msg = msg % (meth, file)\n                        stacktrace.append(msg)\n                except TypeError:\n                    pass\n        if exception_class == UnexpectedAlertPresentException:\n            alert_text = None\n            if \"data\" in value:\n                alert_text = value[\"data\"].get(\"text\")\n            elif \"alert\" in value:\n                alert_text = value[\"alert\"].get(\"text\")\n            raise exception_class(message, screen, stacktrace, alert_text)  # type: ignore[call-arg]  # mypy is not smart enough here\n>       raise exception_class(message, screen, stacktrace)\nE       selenium.common.exceptions.NoSuchElementException: Message: no such element: Unable to locate element: {\"method\":\"css selector\",\"selector\":\".bg-warning\"}\nE         (Session info: chrome=126.0.6478.127); For documentation on this error, please visit: https://www.selenium.dev/documentation/webdriver/troubleshooting/errors#no-such-element-exception\nE       Stacktrace:\nE       0   chromedriver                        0x0000000104f26a0c chromedriver + 4385292\nE       1   chromedriver                        0x0000000104f1f318 chromedriver + 4354840\nE       2   chromedriver                        0x0000000104b3cb0c chromedriver + 281356\nE       3   chromedriver                        0x0000000104b7f2f8 chromedriver + 553720\nE       4   chromedriver                        0x0000000104bb7d24 chromedriver + 785700\nE       5   chromedriver                        0x0000000104b73eec chromedriver + 507628\nE       6   chromedriver                        0x0000000104b748c4 chromedriver + 510148\nE       7   chromedriver                        0x0000000104eee3c8 chromedriver + 4154312\nE       8   chromedriver                        0x0000000104ef2e2c chromedriver + 4173356\nE       9   chromedriver                        0x0000000104ed3f84 chromedriver + 4046724\nE       10  chromedriver                        0x0000000104ef3718 chromedriver + 4175640\nE       11  chromedriver                        0x0000000104ec6f44 chromedriver + 3993412\nE       12  chromedriver                        0x0000000104f111a8 chromedriver + 4297128\nE       13  chromedriver                        0x0000000104f11324 chromedriver + 4297508\nE       14  chromedriver                        0x0000000104f1ef10 chromedriver + 4353808\nE       15  libsystem_pthread.dylib             0x000000018a196f94 _pthread_start + 136\nE       16  libsystem_pthread.dylib             0x000000018a191d34 thread_start + 8\n\n../.venv/lib/python3.12/site-packages/selenium/webdriver/remote/errorhandler.py:229: NoSuchElementException"}, "start": 1722189030142, "stop": 1722189044057, "uuid": "c65335e4-fb50-483f-860d-07a3319af060", "historyId": "ca4f69a7966e872b4c08751dd2c8ff36", "testCaseId": "ca4f69a7966e872b4c08751dd2c8ff36", "fullName": "tests.tests#test_guid_generator", "labels": [{"name": "parentSuite", "value": "tests"}, {"name": "suite", "value": "tests"}, {"name": "host", "value": "EugeneE.local"}, {"name": "thread", "value": "73970-MainThread"}, {"name": "framework", "value": "pytest"}, {"name": "language", "value": "cpython3"}, {"name": "package", "value": "tests.tests"}]}